<?xml version="1.0" encoding="UTF-8"?>
<!-- Generated by org.testng.reporters.JUnitXMLReporter -->
<testsuite ignored="0" hostname="REM-LT-230517A" failures="0" tests="9" name="Default test" time="5.234" errors="0" timestamp="2023-06-21T11:16:42 CST">
  <testcase classname="com.unosquare.PostLogin" name="testGet1" time="1.763"/>
  <testcase classname="com.unosquare.PostLogin" name="testGet2" time="0.224"/>
  <testcase classname="com.unosquare.PostLogin" name="testGet3" time="0.478"/>
  <testcase classname="com.unosquare.PostLogin" name="testGet4" time="0.467"/>
  <testcase classname="com.unosquare.PostLogin" name="testPost1" time="0.477"/>
  <testcase classname="com.unosquare.PostLogin" name="testPost2" time="0.447"/>
  <testcase classname="com.unosquare.PostLogin" name="testPost3" time="0.449"/>
  <testcase classname="com.unosquare.PostLogin" name="testPost4" time="0.438"/>
  <testcase classname="com.unosquare.PostLogin" name="testPut" time="0.439"/>
</testsuite> <!-- Default test -->
