<?xml version="1.0" encoding="UTF-8"?>
<!-- Generated by org.testng.reporters.JUnitXMLReporter -->
<testsuite ignored="0" hostname="REM-LT-230517A" failures="0" tests="9" name="Default test" time="4.945" errors="0" timestamp="2023-06-20T16:18:58 CST">
  <testcase classname="com.unosquare.PostLogin" name="testGet1" time="1.97"/>
  <testcase classname="com.unosquare.PostLogin" name="testGet2" time="0.237"/>
  <testcase classname="com.unosquare.PostLogin" name="testGet3" time="0.235"/>
  <testcase classname="com.unosquare.PostLogin" name="testGet4" time="0.219"/>
  <testcase classname="com.unosquare.PostLogin" name="testPost1" time="0.462"/>
  <testcase classname="com.unosquare.PostLogin" name="testPost2" time="0.448"/>
  <testcase classname="com.unosquare.PostLogin" name="testPost3" time="0.449"/>
  <testcase classname="com.unosquare.PostLogin" name="testPost4" time="0.449"/>
  <testcase classname="com.unosquare.PostLogin" name="testPut" time="0.433"/>
</testsuite> <!-- Default test -->
