<?xml version="1.0" encoding="UTF-8"?>
<testng-results ignored="0" total="9" passed="9" failed="0" skipped="0">
  <reporter-output>
  </reporter-output>
  <suite started-at="2023-06-20T16:18:53 CST" name="Default suite" finished-at="2023-06-20T16:18:58 CST" duration-ms="4945">
    <groups>
    </groups>
    <test started-at="2023-06-20T16:18:53 CST" name="Default test" finished-at="2023-06-20T16:18:58 CST" duration-ms="4945">
      <class name="com.unosquare.PostLogin">
        <test-method is-config="true" signature="beforeSuite()[pri:0, instance:com.unosquare.PostLogin@740cae06]" started-at="2023-06-20T16:18:53 CST" name="beforeSuite" finished-at="2023-06-20T16:18:53 CST" duration-ms="7" status="PASS">
          <reporter-output>
          </reporter-output>
        </test-method> <!-- beforeSuite -->
        <test-method signature="testGet1()[pri:0, instance:com.unosquare.PostLogin@740cae06]" started-at="2023-06-20T16:18:53 CST" name="testGet1" finished-at="2023-06-20T16:18:55 CST" duration-ms="1970" status="PASS">
          <reporter-output>
          </reporter-output>
        </test-method> <!-- testGet1 -->
        <test-method signature="testGet2()[pri:0, instance:com.unosquare.PostLogin@740cae06]" started-at="2023-06-20T16:18:55 CST" name="testGet2" finished-at="2023-06-20T16:18:56 CST" duration-ms="237" status="PASS">
          <reporter-output>
          </reporter-output>
        </test-method> <!-- testGet2 -->
        <test-method signature="testGet3()[pri:0, instance:com.unosquare.PostLogin@740cae06]" started-at="2023-06-20T16:18:56 CST" name="testGet3" finished-at="2023-06-20T16:18:56 CST" duration-ms="235" status="PASS">
          <reporter-output>
          </reporter-output>
        </test-method> <!-- testGet3 -->
        <test-method signature="testGet4()[pri:0, instance:com.unosquare.PostLogin@740cae06]" started-at="2023-06-20T16:18:56 CST" name="testGet4" finished-at="2023-06-20T16:18:56 CST" duration-ms="219" status="PASS">
          <reporter-output>
          </reporter-output>
        </test-method> <!-- testGet4 -->
        <test-method signature="testPost1()[pri:0, instance:com.unosquare.PostLogin@740cae06]" started-at="2023-06-20T16:18:56 CST" name="testPost1" finished-at="2023-06-20T16:18:56 CST" duration-ms="462" status="PASS">
          <reporter-output>
          </reporter-output>
        </test-method> <!-- testPost1 -->
        <test-method signature="testPost2()[pri:0, instance:com.unosquare.PostLogin@740cae06]" started-at="2023-06-20T16:18:56 CST" name="testPost2" finished-at="2023-06-20T16:18:57 CST" duration-ms="448" status="PASS">
          <reporter-output>
          </reporter-output>
        </test-method> <!-- testPost2 -->
        <test-method signature="testPost3()[pri:0, instance:com.unosquare.PostLogin@740cae06]" started-at="2023-06-20T16:18:57 CST" name="testPost3" finished-at="2023-06-20T16:18:57 CST" duration-ms="449" status="PASS">
          <reporter-output>
          </reporter-output>
        </test-method> <!-- testPost3 -->
        <test-method signature="testPost4()[pri:0, instance:com.unosquare.PostLogin@740cae06]" started-at="2023-06-20T16:18:57 CST" name="testPost4" finished-at="2023-06-20T16:18:58 CST" duration-ms="449" status="PASS">
          <reporter-output>
          </reporter-output>
        </test-method> <!-- testPost4 -->
        <test-method signature="testPut()[pri:0, instance:com.unosquare.PostLogin@740cae06]" started-at="2023-06-20T16:18:58 CST" name="testPut" finished-at="2023-06-20T16:18:58 CST" duration-ms="433" status="PASS">
          <reporter-output>
          </reporter-output>
        </test-method> <!-- testPut -->
      </class> <!-- com.unosquare.PostLogin -->
    </test> <!-- Default test -->
  </suite> <!-- Default suite -->
</testng-results>
