<?xml version="1.0" encoding="UTF-8"?>
<testng-results ignored="0" total="9" passed="9" failed="0" skipped="0">
  <reporter-output>
  </reporter-output>
  <suite started-at="2023-06-21T11:16:37 CST" name="Default suite" finished-at="2023-06-21T11:16:42 CST" duration-ms="5234">
    <groups>
    </groups>
    <test started-at="2023-06-21T11:16:37 CST" name="Default test" finished-at="2023-06-21T11:16:42 CST" duration-ms="5234">
      <class name="com.unosquare.PostLogin">
        <test-method is-config="true" signature="beforeSuite()[pri:0, instance:com.unosquare.PostLogin@740cae06]" started-at="2023-06-21T11:16:37 CST" name="beforeSuite" finished-at="2023-06-21T11:16:37 CST" duration-ms="10" status="PASS">
          <reporter-output>
          </reporter-output>
        </test-method> <!-- beforeSuite -->
        <test-method signature="testGet1()[pri:0, instance:com.unosquare.PostLogin@740cae06]" started-at="2023-06-21T11:16:37 CST" name="testGet1" finished-at="2023-06-21T11:16:38 CST" duration-ms="1763" status="PASS">
          <reporter-output>
          </reporter-output>
        </test-method> <!-- testGet1 -->
        <test-method signature="testGet2()[pri:0, instance:com.unosquare.PostLogin@740cae06]" started-at="2023-06-21T11:16:38 CST" name="testGet2" finished-at="2023-06-21T11:16:39 CST" duration-ms="224" status="PASS">
          <reporter-output>
          </reporter-output>
        </test-method> <!-- testGet2 -->
        <test-method signature="testGet3()[pri:0, instance:com.unosquare.PostLogin@740cae06]" started-at="2023-06-21T11:16:39 CST" name="testGet3" finished-at="2023-06-21T11:16:39 CST" duration-ms="478" status="PASS">
          <reporter-output>
          </reporter-output>
        </test-method> <!-- testGet3 -->
        <test-method signature="testGet4()[pri:0, instance:com.unosquare.PostLogin@740cae06]" started-at="2023-06-21T11:16:39 CST" name="testGet4" finished-at="2023-06-21T11:16:39 CST" duration-ms="467" status="PASS">
          <reporter-output>
          </reporter-output>
        </test-method> <!-- testGet4 -->
        <test-method signature="testPost1()[pri:0, instance:com.unosquare.PostLogin@740cae06]" started-at="2023-06-21T11:16:39 CST" name="testPost1" finished-at="2023-06-21T11:16:40 CST" duration-ms="477" status="PASS">
          <reporter-output>
          </reporter-output>
        </test-method> <!-- testPost1 -->
        <test-method signature="testPost2()[pri:0, instance:com.unosquare.PostLogin@740cae06]" started-at="2023-06-21T11:16:40 CST" name="testPost2" finished-at="2023-06-21T11:16:40 CST" duration-ms="447" status="PASS">
          <reporter-output>
          </reporter-output>
        </test-method> <!-- testPost2 -->
        <test-method signature="testPost3()[pri:0, instance:com.unosquare.PostLogin@740cae06]" started-at="2023-06-21T11:16:40 CST" name="testPost3" finished-at="2023-06-21T11:16:41 CST" duration-ms="449" status="PASS">
          <reporter-output>
          </reporter-output>
        </test-method> <!-- testPost3 -->
        <test-method signature="testPost4()[pri:0, instance:com.unosquare.PostLogin@740cae06]" started-at="2023-06-21T11:16:41 CST" name="testPost4" finished-at="2023-06-21T11:16:41 CST" duration-ms="438" status="PASS">
          <reporter-output>
          </reporter-output>
        </test-method> <!-- testPost4 -->
        <test-method signature="testPut()[pri:0, instance:com.unosquare.PostLogin@740cae06]" started-at="2023-06-21T11:16:41 CST" name="testPut" finished-at="2023-06-21T11:16:42 CST" duration-ms="439" status="PASS">
          <reporter-output>
          </reporter-output>
        </test-method> <!-- testPut -->
      </class> <!-- com.unosquare.PostLogin -->
    </test> <!-- Default test -->
  </suite> <!-- Default suite -->
</testng-results>
